c:\users\rafik\documents\github\pathplanner\path_planner\x64\release\vc141.pdb
c:\users\rafik\documents\github\pathplanner\path_planner\x64\release\vec2.obj
c:\users\rafik\documents\github\pathplanner\path_planner\x64\release\util.obj
c:\users\rafik\documents\github\pathplanner\path_planner\x64\release\smoother.obj
c:\users\rafik\documents\github\pathplanner\path_planner\x64\release\searchgrid.obj
c:\users\rafik\documents\github\pathplanner\path_planner\x64\release\pathplanner.obj
c:\users\rafik\documents\github\pathplanner\path_planner\x64\release\node.obj
c:\users\rafik\documents\github\pathplanner\path_planner\x64\release\dubinspath.obj
c:\users\rafik\documents\github\pathplanner\path_planner\x64\release\astarhybrid.obj
c:\users\rafik\documents\github\pathplanner\path_planner\x64\release\algorithmfactory.obj
c:\users\rafik\documents\github\pathplanner\path_planner\x64\release\main.obj
c:\users\rafik\documents\github\pathplanner\x64\release\path_planner.exe
c:\users\rafik\documents\github\pathplanner\x64\release\path_planner.pdb
c:\users\rafik\documents\github\pathplanner\x64\release\path_planner.ipdb
c:\users\rafik\documents\github\pathplanner\x64\release\path_planner.iobj
c:\users\rafik\documents\github\pathplanner\path_planner\x64\release\path_planner.tlog\cl.command.1.tlog
c:\users\rafik\documents\github\pathplanner\path_planner\x64\release\path_planner.tlog\cl.read.1.tlog
c:\users\rafik\documents\github\pathplanner\path_planner\x64\release\path_planner.tlog\cl.write.1.tlog
c:\users\rafik\documents\github\pathplanner\path_planner\x64\release\path_planner.tlog\link.command.1.tlog
c:\users\rafik\documents\github\pathplanner\path_planner\x64\release\path_planner.tlog\link.read.1.tlog
c:\users\rafik\documents\github\pathplanner\path_planner\x64\release\path_planner.tlog\link.write.1.tlog
c:\users\rafik\documents\github\pathplanner\path_planner\x64\release\path_planner.tlog\path_planner.write.1u.tlog
