  main.cpp
c:\users\rafik\documents\github\pathplanner\path_planner\include\dubinspath.h(15): warning C4244: 'initializing': conversion from 'double' to 'unsigned int', possible loss of data
main.cpp(119): warning C4244: 'argument': conversion from 'double' to 'const unsigned __int64', possible loss of data
main.cpp(120): warning C4244: 'argument': conversion from 'double' to 'const unsigned __int64', possible loss of data
main.cpp(121): warning C4244: 'argument': conversion from 'double' to 'const unsigned __int64', possible loss of data
main.cpp(122): warning C4244: 'argument': conversion from 'double' to 'const unsigned __int64', possible loss of data
main.cpp(131): warning C4244: 'argument': conversion from 'double' to 'const unsigned __int64', possible loss of data
main.cpp(132): warning C4244: 'argument': conversion from 'double' to 'const unsigned __int64', possible loss of data
main.cpp(142): warning C4244: 'argument': conversion from 'double' to 'const unsigned __int64', possible loss of data
main.cpp(249): warning C4244: 'argument': conversion from 'double' to 'const unsigned __int64', possible loss of data
main.cpp(250): warning C4244: 'argument': conversion from 'double' to 'const unsigned __int64', possible loss of data
main.cpp(251): warning C4244: 'argument': conversion from 'double' to 'const unsigned __int64', possible loss of data
main.cpp(252): warning C4244: 'argument': conversion from 'double' to 'const unsigned __int64', possible loss of data
main.cpp(254): warning C4244: 'argument': conversion from 'double' to 'const unsigned __int64', possible loss of data
main.cpp(255): warning C4244: 'argument': conversion from 'double' to 'const unsigned __int64', possible loss of data
  Generating code
  1 of 1283 functions ( 0.1%) were compiled, the rest were copied from previous compilation.
    0 functions were new in current compilation
    1 functions had inline decision re-evaluated but remain unchanged
  Finished generating code
  Path_planner.vcxproj -> C:\Users\Rafik\Documents\GitHub\PathPlanner\x64\Release\Path_planner.exe
