c:\users\rafik\documents\github\pathplanner\path_planner\x64\debug\vc141.pdb
c:\users\rafik\documents\github\pathplanner\path_planner\x64\debug\vec2.obj
c:\users\rafik\documents\github\pathplanner\path_planner\x64\debug\util.obj
c:\users\rafik\documents\github\pathplanner\path_planner\x64\debug\smoother.obj
c:\users\rafik\documents\github\pathplanner\path_planner\x64\debug\searchgrid.obj
c:\users\rafik\documents\github\pathplanner\path_planner\x64\debug\pathplanner.obj
c:\users\rafik\documents\github\pathplanner\path_planner\x64\debug\node.obj
c:\users\rafik\documents\github\pathplanner\path_planner\x64\debug\dubinspath.obj
c:\users\rafik\documents\github\pathplanner\path_planner\x64\debug\astarhybrid.obj
c:\users\rafik\documents\github\pathplanner\path_planner\x64\debug\algorithmfactory.obj
c:\users\rafik\documents\github\pathplanner\path_planner\x64\debug\main.obj
c:\users\rafik\documents\github\pathplanner\path_planner\x64\debug\vc141.idb
c:\users\rafik\documents\github\pathplanner\path_planner\x64\debug\main.nativecodeanalysis.xml
c:\users\rafik\documents\github\pathplanner\path_planner\x64\debug\algorithmfactory.nativecodeanalysis.xml
c:\users\rafik\documents\github\pathplanner\path_planner\x64\debug\astarhybrid.nativecodeanalysis.xml
c:\users\rafik\documents\github\pathplanner\path_planner\x64\debug\dubinspath.nativecodeanalysis.xml
c:\users\rafik\documents\github\pathplanner\path_planner\x64\debug\node.nativecodeanalysis.xml
c:\users\rafik\documents\github\pathplanner\path_planner\x64\debug\pathplanner.nativecodeanalysis.xml
c:\users\rafik\documents\github\pathplanner\path_planner\x64\debug\searchgrid.nativecodeanalysis.xml
c:\users\rafik\documents\github\pathplanner\path_planner\x64\debug\smoother.nativecodeanalysis.xml
c:\users\rafik\documents\github\pathplanner\path_planner\x64\debug\util.nativecodeanalysis.xml
c:\users\rafik\documents\github\pathplanner\path_planner\x64\debug\vec2.nativecodeanalysis.xml
c:\users\rafik\documents\github\pathplanner\path_planner\x64\debug\.netframework,version=v4.0.assemblyattributes.obj
c:\users\rafik\documents\github\pathplanner\path_planner\x64\debug\.netframework,version=v4.0.assemblyattributes.asm
c:\users\rafik\documents\github\pathplanner\x64\debug\path_planner.exe
c:\users\rafik\documents\github\pathplanner\x64\debug\path_planner.ilk
c:\users\rafik\documents\github\pathplanner\x64\debug\path_planner.pdb
c:\users\rafik\documents\github\pathplanner\path_planner\x64\debug\nativecodeanalysis.read.1.tlog
c:\users\rafik\documents\github\pathplanner\path_planner\x64\debug\.netframework,version=v4.0.assemblyattributes.nativecodeanalysis.xml
c:\users\rafik\documents\github\pathplanner\path_planner\x64\debug\vc.nativecodeanalysis.all.xml
c:\users\rafik\documents\github\pathplanner\x64\debug\path_planner.exe.codeanalysislog.xml
c:\users\rafik\documents\github\pathplanner\x64\debug\path_planner.exe.lastcodeanalysissucceeded
c:\users\rafik\documents\github\pathplanner\path_planner\x64\debug\path_planner.tlog\cl.command.1.tlog
c:\users\rafik\documents\github\pathplanner\path_planner\x64\debug\path_planner.tlog\cl.read.1.tlog
c:\users\rafik\documents\github\pathplanner\path_planner\x64\debug\path_planner.tlog\cl.write.1.tlog
c:\users\rafik\documents\github\pathplanner\path_planner\x64\debug\path_planner.tlog\link.command.1.tlog
c:\users\rafik\documents\github\pathplanner\path_planner\x64\debug\path_planner.tlog\link.delete.1.tlog
c:\users\rafik\documents\github\pathplanner\path_planner\x64\debug\path_planner.tlog\link.read.1.tlog
c:\users\rafik\documents\github\pathplanner\path_planner\x64\debug\path_planner.tlog\link.write.1.tlog
c:\users\rafik\documents\github\pathplanner\path_planner\x64\debug\path_planner.tlog\metagen.read.1.tlog
c:\users\rafik\documents\github\pathplanner\path_planner\x64\debug\path_planner.tlog\metagen.write.1.tlog
c:\users\rafik\documents\github\pathplanner\path_planner\x64\debug\path_planner.tlog\tzres.dll.bi
